<?xml version="1.0" encoding="UTF-8"?>
<testsuite xmlns:xsi="http://www.w3.org/2001/XMLSchema-instance" xsi:noNamespaceSchemaLocation="https://maven.apache.org/surefire/maven-surefire-plugin/xsd/surefire-test-report-3.0.xsd" version="3.0" name="ar.edu.unlp.info.oo1.ejercicio8.MamiferoTest" time="0.137" tests="10" errors="0" skipped="0" failures="0">
  <properties>
[...]
</properties>
  <testcase name="testEspecie" classname="ar.edu.unlp.info.oo1.ejercicio8.MamiferoTest" time="0.058"/>
  <testcase name="testIdentificador" classname="ar.edu.unlp.info.oo1.ejercicio8.MamiferoTest" time="0.002"/>
  <testcase name="testAbuelaMaterna" classname="ar.edu.unlp.info.oo1.ejercicio8.MamiferoTest" time="0.003"/>
  <testcase name="testMadre" classname="ar.edu.unlp.info.oo1.ejercicio8.MamiferoTest" time="0.001"/>
  <testcase name="testPadre" classname="ar.edu.unlp.info.oo1.ejercicio8.MamiferoTest" time="0.002"/>
  <testcase name="testAbueloPaterno" classname="ar.edu.unlp.info.oo1.ejercicio8.MamiferoTest" time="0.001"/>
  <testcase name="testTieneComoAncestroA" classname="ar.edu.unlp.info.oo1.ejercicio8.MamiferoTest" time="0.011"/>
  <testcase name="testAbuelaPaterna" classname="ar.edu.unlp.info.oo1.ejercicio8.MamiferoTest" time="0.004"/>
  <testcase name="testAbueloMaterno" classname="ar.edu.unlp.info.oo1.ejercicio8.MamiferoTest" time="0.001"/>
  <testcase name="testTieneComoAncestroAsimetrico" classname="ar.edu.unlp.info.oo1.ejercicio8.MamiferoTest" time="0.001"/>
</testsuite>